[2025-11-07 20:48:08,650] 33 root - INFO - DataIngestion Process Initiated:
[2025-11-07 20:48:08,761] 36 root - INFO - Dataset succesfully read, entering the next process
[2025-11-07 20:48:09,057] 40 root - INFO - Initializing the train_test_split
[2025-11-07 20:48:09,386] 45 root - INFO - Sucessfully splited and save in respective directores: Ingestion of the Data is completed
[2025-11-07 20:48:09,496] 59 root - INFO - process and save function called: (NYC_Air file, line: 59)
[2025-11-07 20:48:09,496] 20 root - INFO - Initiating the feature engineering:
[2025-11-07 20:48:09,516] 27 root - INFO - last review columns done:
[2025-11-07 20:48:09,522] 37 root - INFO - frequency target encoding done for the neighbourhood.
[2025-11-07 20:48:09,526] 44 root - INFO - Log transformation for price and minimum_nights.
[2025-11-07 20:48:09,526] 48 root - INFO - All the columns nan values are filled. 
 All the original columns are dropped, which are transformed or engineered.
[2025-11-07 20:48:09,526] 20 root - INFO - Initiating the feature engineering:
[2025-11-07 20:48:09,535] 27 root - INFO - last review columns done:
[2025-11-07 20:48:09,538] 37 root - INFO - frequency target encoding done for the neighbourhood.
[2025-11-07 20:48:09,539] 44 root - INFO - Log transformation for price and minimum_nights.
[2025-11-07 20:48:09,540] 48 root - INFO - All the columns nan values are filled. 
 All the original columns are dropped, which are transformed or engineered.
[2025-11-07 20:48:09,540] 69 root - INFO - Saving the engineered data frame(test and train)
[2025-11-07 20:48:09,917] 74 root - INFO - Returning the file path.
[2025-11-07 20:48:09,918] 82 root - INFO - Started data transformation
[2025-11-07 20:48:09,971] 86 root - INFO - Completed reading the test and train data
[2025-11-07 20:48:09,971] 87 root - INFO - Obtaining the preprocesor object.
[2025-11-07 20:48:09,971] 37 root - INFO - Started get_data_transformer_object
[2025-11-07 20:48:09,972] 72 root - INFO - Preprocessor object returned:
[2025-11-07 20:48:09,973] 101 root - INFO - Applying the preprocesing object on training dataframe and testing dataframe.
[2025-11-07 20:48:10,042] 128 root - INFO - Saved preprocessing object.
[2025-11-07 20:48:10,044] 38 root - INFO - Split training and test input data
