[2025-11-07 19:41:41,121] 32 root - INFO - DataIngestion Process Initiated:
[2025-11-07 19:41:41,224] 35 root - INFO - Dataset succesfully read, entering the next process
[2025-11-07 19:41:41,512] 39 root - INFO - Initializing the train_test_split
[2025-11-07 19:41:41,812] 44 root - INFO - Sucessfully splited and save in respective directores: Ingestion of the Data is completed
[2025-11-07 19:41:41,921] 59 root - INFO - process and save function called: (NYC_Air file, line: 59)
[2025-11-07 19:41:41,921] 20 root - INFO - Initiating the feature engineering:
[2025-11-07 19:41:41,940] 27 root - INFO - last review columns done:
[2025-11-07 19:41:41,947] 37 root - INFO - frequency target encoding done for the neighbourhood.
[2025-11-07 19:41:41,950] 44 root - INFO - Log transformation for price and minimum_nights.
[2025-11-07 19:41:41,950] 48 root - INFO - All the columns nan values are filled. 
 All the original columns are dropped, which are transformed or engineered.
[2025-11-07 19:41:41,950] 20 root - INFO - Initiating the feature engineering:
[2025-11-07 19:41:41,959] 27 root - INFO - last review columns done:
[2025-11-07 19:41:41,962] 37 root - INFO - frequency target encoding done for the neighbourhood.
[2025-11-07 19:41:41,964] 44 root - INFO - Log transformation for price and minimum_nights.
[2025-11-07 19:41:41,964] 48 root - INFO - All the columns nan values are filled. 
 All the original columns are dropped, which are transformed or engineered.
[2025-11-07 19:41:41,964] 69 root - INFO - Saving the engineered data frame(test and train)
[2025-11-07 19:41:42,301] 74 root - INFO - Returning the file path.
[2025-11-07 19:41:42,301] 82 root - INFO - Started data transformation
[2025-11-07 19:41:42,361] 86 root - INFO - Completed reading the test and train data
[2025-11-07 19:41:42,361] 87 root - INFO - Obtaining the preprocesor object.
[2025-11-07 19:41:42,361] 37 root - INFO - Started get_data_transformer_object
[2025-11-07 19:41:42,361] 72 root - INFO - Preprocessor object returned:
[2025-11-07 19:41:42,363] 101 root - INFO - Applying the preprocesing object on training dataframe and testing dataframe.
[2025-11-07 19:41:42,434] 128 root - INFO - Saved preprocessing object.
