[2025-11-07 19:55:46,778] 33 root - INFO - DataIngestion Process Initiated:
[2025-11-07 19:55:46,880] 36 root - INFO - Dataset succesfully read, entering the next process
[2025-11-07 19:55:47,169] 40 root - INFO - Initializing the train_test_split
[2025-11-07 19:55:47,464] 45 root - INFO - Sucessfully splited and save in respective directores: Ingestion of the Data is completed
[2025-11-07 19:55:47,572] 59 root - INFO - process and save function called: (NYC_Air file, line: 59)
[2025-11-07 19:55:47,572] 20 root - INFO - Initiating the feature engineering:
[2025-11-07 19:55:47,590] 27 root - INFO - last review columns done:
[2025-11-07 19:55:47,595] 37 root - INFO - frequency target encoding done for the neighbourhood.
[2025-11-07 19:55:47,599] 44 root - INFO - Log transformation for price and minimum_nights.
[2025-11-07 19:55:47,600] 48 root - INFO - All the columns nan values are filled. 
 All the original columns are dropped, which are transformed or engineered.
[2025-11-07 19:55:47,600] 20 root - INFO - Initiating the feature engineering:
[2025-11-07 19:55:47,608] 27 root - INFO - last review columns done:
[2025-11-07 19:55:47,611] 37 root - INFO - frequency target encoding done for the neighbourhood.
[2025-11-07 19:55:47,613] 44 root - INFO - Log transformation for price and minimum_nights.
[2025-11-07 19:55:47,613] 48 root - INFO - All the columns nan values are filled. 
 All the original columns are dropped, which are transformed or engineered.
[2025-11-07 19:55:47,613] 69 root - INFO - Saving the engineered data frame(test and train)
[2025-11-07 19:55:47,949] 74 root - INFO - Returning the file path.
[2025-11-07 19:55:47,949] 82 root - INFO - Started data transformation
[2025-11-07 19:55:48,003] 86 root - INFO - Completed reading the test and train data
[2025-11-07 19:55:48,003] 87 root - INFO - Obtaining the preprocesor object.
[2025-11-07 19:55:48,003] 37 root - INFO - Started get_data_transformer_object
[2025-11-07 19:55:48,003] 72 root - INFO - Preprocessor object returned:
[2025-11-07 19:55:48,005] 101 root - INFO - Applying the preprocesing object on training dataframe and testing dataframe.
[2025-11-07 19:55:48,073] 128 root - INFO - Saved preprocessing object.
[2025-11-07 19:55:48,074] 38 root - INFO - Split training and test input data
