[2025-11-07 19:52:04,163] 33 root - INFO - DataIngestion Process Initiated:
[2025-11-07 19:52:04,265] 36 root - INFO - Dataset succesfully read, entering the next process
[2025-11-07 19:52:04,556] 40 root - INFO - Initializing the train_test_split
[2025-11-07 19:52:04,859] 45 root - INFO - Sucessfully splited and save in respective directores: Ingestion of the Data is completed
[2025-11-07 19:52:04,979] 59 root - INFO - process and save function called: (NYC_Air file, line: 59)
[2025-11-07 19:52:04,979] 20 root - INFO - Initiating the feature engineering:
[2025-11-07 19:52:05,001] 27 root - INFO - last review columns done:
[2025-11-07 19:52:05,007] 37 root - INFO - frequency target encoding done for the neighbourhood.
[2025-11-07 19:52:05,011] 44 root - INFO - Log transformation for price and minimum_nights.
[2025-11-07 19:52:05,011] 48 root - INFO - All the columns nan values are filled. 
 All the original columns are dropped, which are transformed or engineered.
[2025-11-07 19:52:05,011] 20 root - INFO - Initiating the feature engineering:
[2025-11-07 19:52:05,021] 27 root - INFO - last review columns done:
[2025-11-07 19:52:05,023] 37 root - INFO - frequency target encoding done for the neighbourhood.
[2025-11-07 19:52:05,025] 44 root - INFO - Log transformation for price and minimum_nights.
[2025-11-07 19:52:05,026] 48 root - INFO - All the columns nan values are filled. 
 All the original columns are dropped, which are transformed or engineered.
[2025-11-07 19:52:05,026] 69 root - INFO - Saving the engineered data frame(test and train)
[2025-11-07 19:52:05,364] 74 root - INFO - Returning the file path.
[2025-11-07 19:52:05,364] 82 root - INFO - Started data transformation
[2025-11-07 19:52:05,418] 86 root - INFO - Completed reading the test and train data
[2025-11-07 19:52:05,418] 87 root - INFO - Obtaining the preprocesor object.
[2025-11-07 19:52:05,418] 37 root - INFO - Started get_data_transformer_object
[2025-11-07 19:52:05,418] 72 root - INFO - Preprocessor object returned:
[2025-11-07 19:52:05,420] 101 root - INFO - Applying the preprocesing object on training dataframe and testing dataframe.
[2025-11-07 19:52:05,490] 128 root - INFO - Saved preprocessing object.
[2025-11-07 19:52:05,491] 38 root - INFO - Split training and test input data
